#BIND_OUTPUT version: 3.0

#JOB_TITLE: A silly example: a square of H atoms

; ********* Atoms within the unit cell:  *********
# NUMBER OF ATOMS: 
	4
# ATOMIC POSITIONS
   1    H 0.000000 0.000000 0.000000
   2    H 1.000000 0.000000 0.000000
   3    H 1.000000 1.000000 0.000000
   4    H 0.000000 1.000000 0.000000


# ******** Extended Hueckel Parameters ********
;  FORMAT  quantum number orbital: Hii, <c1>, exponent1, <c2>, <exponent2>

ATOM: H   Atomic number: 1  # Valence Electrons: 1
	1S:   -13.6000     1.3000

; Number of orbitals
#Num_Orbitals: 4
;	*** Wavefunctions *** (MO's in rows, AO's in columns, energies INCREASE down)
;	***> REAL:
                    H(  1) 1s          H(  2) 1s          H(  3) 1s     
                 1 0.3370             0.3370             0.3370            
                 2 0.8239             0.0000             -0.8239           
                 3 0.0000             -0.8239            0.0000            
                 4 0.8760             -0.8760            0.8760            
                    H(  4) 1s     
                 1 0.3370            
                 2 0.0000            
                 3 0.8239            
                 4 -0.8760           


; >>>>> The HOMO was found to be 2-fold degenerate.

#	******* Energies (in eV)  and Occupation Numbers *******
1:--->  -19.1655  [2.000 Electrons]
2:--->  -9.95388  [1.000 Electrons]
3:--->  -9.95388  [1.000 Electrons]
4:--->   7.51105  [0.000 Electrons]
Total_Energy: -58.2388


; 		q-q-q-q-q-q-q-q  Mulliken Analysis q-q-q-q-q-q-q-q

;    Mulliken Overlap Population Matrix for  4.000 electrons:
                    H(  1) 1s          H(  2) 1s          H(  3) 1s     
 H(  1) 1s          0.9059             0.2130             -0.2378           
 H(  2) 1s          0.2130             0.9059             0.2130            
 H(  3) 1s          -0.2378            0.2130             0.9059            
 H(  4) 1s          0.2130             -0.2378            0.2130            
                    H(  4) 1s     
 H(  1) 1s          0.2130            
 H(  2) 1s          -0.2378           
 H(  3) 1s          0.2130            
 H(  4) 1s          0.9059            



;   Reduced Mulliken Overlap Population Matrix for  4.000 electrons:

              1        2        3        4      
  1        0.9059    
  2        0.2130      0.9059    
  3        -0.2378     0.2130      0.9059    
  4        0.2130      -0.2378     0.2130      0.9059    


; 		q-q-q-q-q-q-q-q  Charge Matrix q-q-q-q-q-q-q-q
;  Complete Charge Matrix Independant of Occupation
                    H(  1) 1s          H(  2) 1s          H(  3) 1s     
                 1 0.2500             0.2500             0.2500            
                 2 0.5000             0.0000             0.5000            
                 3 0.0000             0.5000             0.0000            
                 4 0.2500             0.2500             0.2500            
                    H(  4) 1s     
                 1 0.2500            
                 2 0.0000            
                 3 0.5000            
                 4 0.2500            


